2020-05-11 02:04:55.120 [restartedMain] INFO  com.qxf.BootShiroVueStu -Starting BootShiroVueStu on DESKTOP-QBDV7NT with PID 5812 (started by 25414 in G:\学生管理系统\1\springboot-shiro-vue-stu)
2020-05-11 02:04:55.124 [restartedMain] INFO  com.qxf.BootShiroVueStu -No active profile set, falling back to default profiles: default
2020-05-11 02:04:55.203 [restartedMain] INFO  o.s.b.c.e.AnnotationConfigEmbeddedWebApplicationContext -Refreshing org.springframework.boot.context.embedded.AnnotationConfigEmbeddedWebApplicationContext@41619f26: startup date [Mon May 11 02:04:55 CST 2020]; root of context hierarchy
2020-05-11 02:04:57.353 [restartedMain] INFO  com.qxf.config.MybatisConfig -=========================== 注入druid =============================
2020-05-11 02:04:57.533 [restartedMain] INFO  o.s.c.s.PostProcessorRegistrationDelegate$BeanPostProcessorChecker -Bean 'druidDataSource' of type [com.alibaba.druid.pool.DruidDataSource] is not eligible for getting processed by all BeanPostProcessors (for example: not eligible for auto-proxying)
2020-05-11 02:04:57.715 [restartedMain] INFO  o.s.c.s.PostProcessorRegistrationDelegate$BeanPostProcessorChecker -Bean 'mybatis-org.mybatis.spring.boot.autoconfigure.MybatisProperties' of type [org.mybatis.spring.boot.autoconfigure.MybatisProperties] is not eligible for getting processed by all BeanPostProcessors (for example: not eligible for auto-proxying)
2020-05-11 02:04:57.744 [restartedMain] INFO  o.s.c.s.PostProcessorRegistrationDelegate$BeanPostProcessorChecker -Bean 'paginationInterceptor' of type [com.baomidou.mybatisplus.plugins.PaginationInterceptor] is not eligible for getting processed by all BeanPostProcessors (for example: not eligible for auto-proxying)
2020-05-11 02:04:57.755 [restartedMain] INFO  o.s.c.s.PostProcessorRegistrationDelegate$BeanPostProcessorChecker -Bean 'mybatisConfig' of type [com.qxf.config.MybatisConfig$$EnhancerBySpringCGLIB$$f7b9932] is not eligible for getting processed by all BeanPostProcessors (for example: not eligible for auto-proxying)
2020-05-11 02:04:57.979 [restartedMain] INFO  o.s.c.s.PostProcessorRegistrationDelegate$BeanPostProcessorChecker -Bean 'org.springframework.transaction.annotation.ProxyTransactionManagementConfiguration' of type [org.springframework.transaction.annotation.ProxyTransactionManagementConfiguration$$EnhancerBySpringCGLIB$$c966e9c8] is not eligible for getting processed by all BeanPostProcessors (for example: not eligible for auto-proxying)
2020-05-11 02:04:58.203 [restartedMain] INFO  o.s.c.s.PostProcessorRegistrationDelegate$BeanPostProcessorChecker -Bean 'shiroConfig' of type [com.qxf.config.ShiroConfig$$EnhancerBySpringCGLIB$$e8d16c90] is not eligible for getting processed by all BeanPostProcessors (for example: not eligible for auto-proxying)
2020-05-11 02:04:58.223 [restartedMain] INFO  com.qxf.config.ShiroConfig -========================shiro已经加载======================
2020-05-11 02:04:58.877 [restartedMain] INFO  o.s.c.s.PostProcessorRegistrationDelegate$BeanPostProcessorChecker -Bean 'credentialsMatcher' of type [com.qxf.shiro.CredentialsMatcher] is not eligible for getting processed by all BeanPostProcessors (for example: not eligible for auto-proxying)
2020-05-11 02:04:59.117 [restartedMain] ERROR c.alibaba.druid.pool.DruidDataSource -testWhileIdle is true, validationQuery not set
2020-05-11 02:04:59.333 [restartedMain] INFO  c.alibaba.druid.pool.DruidDataSource -{dataSource-1} inited
2020-05-11 02:05:00.027 [restartedMain] INFO  o.s.c.s.PostProcessorRegistrationDelegate$BeanPostProcessorChecker -Bean 'mybatisSqlSessionFactoryBean' of type [com.baomidou.mybatisplus.spring.MybatisSqlSessionFactoryBean] is not eligible for getting processed by all BeanPostProcessors (for example: not eligible for auto-proxying)
2020-05-11 02:05:00.040 [restartedMain] INFO  o.s.c.s.PostProcessorRegistrationDelegate$BeanPostProcessorChecker -Bean 'mybatisSqlSessionFactoryBean' of type [org.apache.ibatis.session.defaults.DefaultSqlSessionFactory] is not eligible for getting processed by all BeanPostProcessors (for example: not eligible for auto-proxying)
2020-05-11 02:05:00.056 [restartedMain] INFO  o.s.c.s.PostProcessorRegistrationDelegate$BeanPostProcessorChecker -Bean 'org.mybatis.spring.boot.autoconfigure.MybatisAutoConfiguration' of type [org.mybatis.spring.boot.autoconfigure.MybatisAutoConfiguration$$EnhancerBySpringCGLIB$$fc3b3af8] is not eligible for getting processed by all BeanPostProcessors (for example: not eligible for auto-proxying)
2020-05-11 02:05:00.074 [restartedMain] INFO  o.s.c.s.PostProcessorRegistrationDelegate$BeanPostProcessorChecker -Bean 'sqlSessionTemplate' of type [org.mybatis.spring.SqlSessionTemplate] is not eligible for getting processed by all BeanPostProcessors (for example: not eligible for auto-proxying)
2020-05-11 02:05:00.094 [restartedMain] INFO  o.s.c.s.PostProcessorRegistrationDelegate$BeanPostProcessorChecker -Bean 'userMapper' of type [org.mybatis.spring.mapper.MapperFactoryBean] is not eligible for getting processed by all BeanPostProcessors (for example: not eligible for auto-proxying)
2020-05-11 02:05:00.100 [restartedMain] INFO  o.s.c.s.PostProcessorRegistrationDelegate$BeanPostProcessorChecker -Bean 'userMapper' of type [com.sun.proxy.$Proxy80] is not eligible for getting processed by all BeanPostProcessors (for example: not eligible for auto-proxying)
2020-05-11 02:05:00.131 [restartedMain] INFO  o.s.c.s.PostProcessorRegistrationDelegate$BeanPostProcessorChecker -Bean 'userRoleMapper' of type [org.mybatis.spring.mapper.MapperFactoryBean] is not eligible for getting processed by all BeanPostProcessors (for example: not eligible for auto-proxying)
2020-05-11 02:05:00.133 [restartedMain] INFO  o.s.c.s.PostProcessorRegistrationDelegate$BeanPostProcessorChecker -Bean 'userRoleMapper' of type [com.sun.proxy.$Proxy82] is not eligible for getting processed by all BeanPostProcessors (for example: not eligible for auto-proxying)
2020-05-11 02:05:00.139 [restartedMain] INFO  o.s.c.s.PostProcessorRegistrationDelegate$BeanPostProcessorChecker -Bean 'userRoleServiceImpl' of type [com.qxf.service.impl.UserRoleServiceImpl] is not eligible for getting processed by all BeanPostProcessors (for example: not eligible for auto-proxying)
2020-05-11 02:05:00.294 [restartedMain] INFO  o.s.c.s.PostProcessorRegistrationDelegate$BeanPostProcessorChecker -Bean 'loginLogMapper' of type [org.mybatis.spring.mapper.MapperFactoryBean] is not eligible for getting processed by all BeanPostProcessors (for example: not eligible for auto-proxying)
2020-05-11 02:05:00.297 [restartedMain] INFO  o.s.c.s.PostProcessorRegistrationDelegate$BeanPostProcessorChecker -Bean 'loginLogMapper' of type [com.sun.proxy.$Proxy83] is not eligible for getting processed by all BeanPostProcessors (for example: not eligible for auto-proxying)
2020-05-11 02:05:00.310 [restartedMain] INFO  o.s.c.s.PostProcessorRegistrationDelegate$BeanPostProcessorChecker -Bean 'loginLogServiceImpl' of type [com.qxf.service.impl.LoginLogServiceImpl] is not eligible for getting processed by all BeanPostProcessors (for example: not eligible for auto-proxying)
2020-05-11 02:05:00.349 [restartedMain] INFO  o.s.c.s.PostProcessorRegistrationDelegate$BeanPostProcessorChecker -Bean 'rolePermsMapper' of type [org.mybatis.spring.mapper.MapperFactoryBean] is not eligible for getting processed by all BeanPostProcessors (for example: not eligible for auto-proxying)
2020-05-11 02:05:00.350 [restartedMain] INFO  o.s.c.s.PostProcessorRegistrationDelegate$BeanPostProcessorChecker -Bean 'rolePermsMapper' of type [com.sun.proxy.$Proxy84] is not eligible for getting processed by all BeanPostProcessors (for example: not eligible for auto-proxying)
2020-05-11 02:05:00.356 [restartedMain] INFO  o.s.c.s.PostProcessorRegistrationDelegate$BeanPostProcessorChecker -Bean 'rolePermsServiceImpl' of type [com.qxf.service.impl.RolePermsServiceImpl] is not eligible for getting processed by all BeanPostProcessors (for example: not eligible for auto-proxying)
2020-05-11 02:05:00.375 [restartedMain] INFO  o.s.c.s.PostProcessorRegistrationDelegate$BeanPostProcessorChecker -Bean 'userServiceImpl' of type [com.qxf.service.impl.UserServiceImpl] is not eligible for getting processed by all BeanPostProcessors (for example: not eligible for auto-proxying)
2020-05-11 02:05:00.398 [restartedMain] INFO  o.s.c.s.PostProcessorRegistrationDelegate$BeanPostProcessorChecker -Bean 'authRealm' of type [com.qxf.shiro.AuthRealm] is not eligible for getting processed by all BeanPostProcessors (for example: not eligible for auto-proxying)
2020-05-11 02:05:00.429 [restartedMain] INFO  o.s.c.s.PostProcessorRegistrationDelegate$BeanPostProcessorChecker -Bean 'securityManager' of type [org.apache.shiro.web.mgt.DefaultWebSecurityManager] is not eligible for getting processed by all BeanPostProcessors (for example: not eligible for auto-proxying)
2020-05-11 02:05:00.455 [restartedMain] INFO  o.s.c.s.PostProcessorRegistrationDelegate$BeanPostProcessorChecker -Bean 'authorizationAttributeSourceAdvisor' of type [org.apache.shiro.spring.security.interceptor.AuthorizationAttributeSourceAdvisor] is not eligible for getting processed by all BeanPostProcessors (for example: not eligible for auto-proxying)
2020-05-11 02:05:00.456 [restartedMain] INFO  com.qxf.config.ShiroConfig -====================== shrio拦截器工厂注入开始 =====================
2020-05-11 02:05:00.457 [restartedMain] INFO  com.qxf.config.ShiroConfig -====================== shrio拦截器工厂注入成功 =====================
2020-05-11 02:05:00.906 [restartedMain] INFO  o.s.b.c.e.t.TomcatEmbeddedServletContainer -Tomcat initialized with port(s): 8089 (http)
2020-05-11 02:05:00.918 [restartedMain] INFO  o.a.catalina.core.StandardService -Starting service [Tomcat]
2020-05-11 02:05:00.919 [restartedMain] INFO  o.a.catalina.core.StandardEngine -Starting Servlet Engine: Apache Tomcat/8.5.23
2020-05-11 02:05:01.049 [localhost-startStop-1] INFO  o.a.c.c.C.[Tomcat].[localhost].[/] -Initializing Spring embedded WebApplicationContext
2020-05-11 02:05:01.049 [localhost-startStop-1] INFO  o.s.web.context.ContextLoader -Root WebApplicationContext: initialization completed in 5846 ms
2020-05-11 02:05:01.402 [localhost-startStop-1] INFO  o.s.b.w.s.ServletRegistrationBean -Mapping servlet: 'dispatcherServlet' to [/]
2020-05-11 02:05:01.406 [localhost-startStop-1] INFO  o.s.b.w.s.FilterRegistrationBean -Mapping filter: 'characterEncodingFilter' to: [/*]
2020-05-11 02:05:01.407 [localhost-startStop-1] INFO  o.s.b.w.s.FilterRegistrationBean -Mapping filter: 'hiddenHttpMethodFilter' to: [/*]
2020-05-11 02:05:01.407 [localhost-startStop-1] INFO  o.s.b.w.s.FilterRegistrationBean -Mapping filter: 'httpPutFormContentFilter' to: [/*]
2020-05-11 02:05:01.407 [localhost-startStop-1] INFO  o.s.b.w.s.FilterRegistrationBean -Mapping filter: 'requestContextFilter' to: [/*]
2020-05-11 02:05:01.407 [localhost-startStop-1] INFO  o.s.b.w.s.FilterRegistrationBean -Mapping filter: 'corsFilter' to: [/*]
2020-05-11 02:05:01.407 [localhost-startStop-1] INFO  o.s.b.w.s.FilterRegistrationBean -Mapping filter: 'shiroFilterFactoryBean' to: [/*]
2020-05-11 02:05:04.365 [restartedMain] INFO  o.s.w.s.m.m.a.RequestMappingHandlerAdapter -Looking for @ControllerAdvice: org.springframework.boot.context.embedded.AnnotationConfigEmbeddedWebApplicationContext@41619f26: startup date [Mon May 11 02:04:55 CST 2020]; root of context hierarchy
2020-05-11 02:05:04.543 [restartedMain] INFO  o.s.w.s.m.m.a.RequestMappingHandlerMapping -Mapped "{[/clazz/delete],methods=[POST]}" onto public java.lang.Object com.qxf.controller.ClazzController.deleteClazz(com.qxf.pojo.Clazz)
2020-05-11 02:05:04.545 [restartedMain] INFO  o.s.w.s.m.m.a.RequestMappingHandlerMapping -Mapped "{[/clazz/list],methods=[GET]}" onto public java.lang.Object com.qxf.controller.ClazzController.getListByPage(java.lang.Integer,java.lang.Integer,java.lang.String)
2020-05-11 02:05:04.546 [restartedMain] INFO  o.s.w.s.m.m.a.RequestMappingHandlerMapping -Mapped "{[/clazz/findAllClazz],methods=[GET]}" onto public java.lang.Object com.qxf.controller.ClazzController.getAllClazz(java.lang.String)
2020-05-11 02:05:04.546 [restartedMain] INFO  o.s.w.s.m.m.a.RequestMappingHandlerMapping -Mapped "{[/clazz/add],methods=[POST]}" onto public java.lang.Object com.qxf.controller.ClazzController.addClazz(com.qxf.pojo.Clazz)
2020-05-11 02:05:04.549 [restartedMain] INFO  o.s.w.s.m.m.a.RequestMappingHandlerMapping -Mapped "{[/course/choice],methods=[GET]}" onto public java.lang.Object com.qxf.controller.CourseController.getNotSelectedCourse(java.lang.Integer,java.lang.Integer,javax.servlet.http.HttpSession)
2020-05-11 02:05:04.550 [restartedMain] INFO  o.s.w.s.m.m.a.RequestMappingHandlerMapping -Mapped "{[/course/student],methods=[POST]}" onto public java.lang.Object com.qxf.controller.CourseController.addCourseToStudent(com.qxf.pojo.Course)
2020-05-11 02:05:04.550 [restartedMain] INFO  o.s.w.s.m.m.a.RequestMappingHandlerMapping -Mapped "{[/course/center],methods=[GET]}" onto public java.lang.Object com.qxf.controller.CourseController.getCourseByTeacher(java.lang.Integer,java.lang.Integer,javax.servlet.http.HttpSession)
2020-05-11 02:05:04.551 [restartedMain] INFO  o.s.w.s.m.m.a.RequestMappingHandlerMapping -Mapped "{[/course/mycourse],methods=[GET]}" onto public java.lang.Object com.qxf.controller.CourseController.getSelectedCourse(java.lang.Integer,java.lang.Integer,javax.servlet.http.HttpSession)
2020-05-11 02:05:04.552 [restartedMain] INFO  o.s.w.s.m.m.a.RequestMappingHandlerMapping -Mapped "{[/course/list],methods=[GET]}" onto public java.lang.Object com.qxf.controller.CourseController.getListByPage(java.lang.Integer,java.lang.Integer,java.lang.String)
2020-05-11 02:05:04.553 [restartedMain] INFO  o.s.w.s.m.m.a.RequestMappingHandlerMapping -Mapped "{[/course/delete],methods=[POST]}" onto public java.lang.Object com.qxf.controller.CourseController.deleteCourse(com.qxf.pojo.Course)
2020-05-11 02:05:04.553 [restartedMain] INFO  o.s.w.s.m.m.a.RequestMappingHandlerMapping -Mapped "{[/course/add],methods=[POST]}" onto public java.lang.Object com.qxf.controller.CourseController.addCourse(com.qxf.pojo.Course) throws java.text.ParseException
2020-05-11 02:05:04.555 [restartedMain] INFO  o.s.w.s.m.m.a.RequestMappingHandlerMapping -Mapped "{[/dict/findListByDictTypeCode],methods=[GET]}" onto public java.lang.Object com.qxf.controller.DictController.findListByDictTypeCode(java.lang.String)
2020-05-11 02:05:04.556 [restartedMain] INFO  o.s.w.s.m.m.a.RequestMappingHandlerMapping -Mapped "{[/dict/add],methods=[POST]}" onto public java.lang.Object com.qxf.controller.DictController.addDict(com.qxf.pojo.SysDict)
2020-05-11 02:05:04.556 [restartedMain] INFO  o.s.w.s.m.m.a.RequestMappingHandlerMapping -Mapped "{[/dict/list],methods=[GET]}" onto public java.lang.Object com.qxf.controller.DictController.findDictByPage(java.lang.Integer,java.lang.Integer,com.qxf.pojo.SysDict)
2020-05-11 02:05:04.558 [restartedMain] INFO  o.s.w.s.m.m.a.RequestMappingHandlerMapping -Mapped "{[/file/download]}" onto public java.lang.Object com.qxf.controller.FileController.downloadFile(java.lang.String,javax.servlet.http.HttpServletResponse)
2020-05-11 02:05:04.558 [restartedMain] INFO  o.s.w.s.m.m.a.RequestMappingHandlerMapping -Mapped "{[/file/upload]}" onto public java.lang.Object com.qxf.controller.FileController.uploadFile(org.springframework.web.multipart.MultipartFile[])
2020-05-11 02:05:04.563 [restartedMain] INFO  o.s.w.s.m.m.a.RequestMappingHandlerMapping -Mapped "{[/grade/update],methods=[POST]}" onto public java.lang.Object com.qxf.controller.GradeController.updateScore(com.qxf.pojo.Grade)
2020-05-11 02:05:04.564 [restartedMain] INFO  o.s.w.s.m.m.a.RequestMappingHandlerMapping -Mapped "{[/grade/viewStudent],methods=[GET]}" onto public java.lang.Object com.qxf.controller.GradeController.viewStudent(java.lang.Integer,java.lang.Integer,java.lang.String)
2020-05-11 02:05:04.566 [restartedMain] INFO  o.s.w.s.m.m.a.RequestMappingHandlerMapping -Mapped "{[/institute/list],methods=[GET]}" onto public java.lang.Object com.qxf.controller.InstituteController.getInstituteByPage(java.lang.Integer,java.lang.Integer,java.lang.String)
2020-05-11 02:05:04.567 [restartedMain] INFO  o.s.w.s.m.m.a.RequestMappingHandlerMapping -Mapped "{[/institute/findAllInstitute],methods=[GET]}" onto public java.lang.Object com.qxf.controller.InstituteController.findAllInstitute()
2020-05-11 02:05:04.567 [restartedMain] INFO  o.s.w.s.m.m.a.RequestMappingHandlerMapping -Mapped "{[/institute/add],methods=[POST]}" onto public java.lang.Object com.qxf.controller.InstituteController.addInstitute(com.qxf.pojo.Institute)
2020-05-11 02:05:04.567 [restartedMain] INFO  o.s.w.s.m.m.a.RequestMappingHandlerMapping -Mapped "{[/institute/delete],methods=[POST]}" onto public java.lang.Object com.qxf.controller.InstituteController.deleteInstitute(com.qxf.pojo.Institute)
2020-05-11 02:05:04.568 [restartedMain] INFO  o.s.w.s.m.m.a.RequestMappingHandlerMapping -Mapped "{[/user/login],methods=[POST]}" onto public java.lang.Object com.qxf.controller.LoginController.login(java.lang.String,java.lang.String,javax.servlet.http.HttpSession,javax.servlet.http.HttpServletRequest)
2020-05-11 02:05:04.569 [restartedMain] INFO  o.s.w.s.m.m.a.RequestMappingHandlerMapping -Mapped "{[/user/loginOut],methods=[GET]}" onto public java.lang.Object com.qxf.controller.LoginController.logout()
2020-05-11 02:05:04.572 [restartedMain] INFO  o.s.w.s.m.m.a.RequestMappingHandlerMapping -Mapped "{[/major/list],methods=[GET]}" onto public java.lang.Object com.qxf.controller.MajorController.getListByPage(java.lang.Integer,java.lang.Integer,java.lang.String)
2020-05-11 02:05:04.572 [restartedMain] INFO  o.s.w.s.m.m.a.RequestMappingHandlerMapping -Mapped "{[/major/delete],methods=[POST]}" onto public java.lang.Object com.qxf.controller.MajorController.deleteMajor(com.qxf.pojo.Major)
2020-05-11 02:05:04.573 [restartedMain] INFO  o.s.w.s.m.m.a.RequestMappingHandlerMapping -Mapped "{[/major/add],methods=[POST]}" onto public java.lang.Object com.qxf.controller.MajorController.addMajor(com.qxf.pojo.Major)
2020-05-11 02:05:04.573 [restartedMain] INFO  o.s.w.s.m.m.a.RequestMappingHandlerMapping -Mapped "{[/major/findAllMajor],methods=[GET]}" onto public java.lang.Object com.qxf.controller.MajorController.findAllMajor(java.lang.String)
2020-05-11 02:05:04.576 [restartedMain] INFO  o.s.w.s.m.m.a.RequestMappingHandlerMapping -Mapped "{[/perms/add],methods=[POST]}" onto public java.lang.Object com.qxf.controller.PermsController.addPermissions(com.qxf.pojo.Perms,org.springframework.validation.BindingResult)
2020-05-11 02:05:04.577 [restartedMain] INFO  o.s.w.s.m.m.a.RequestMappingHandlerMapping -Mapped "{[/perms/findBasePermission],methods=[GET]}" onto public java.lang.Object com.qxf.controller.PermsController.findBasePermission()
2020-05-11 02:05:04.579 [restartedMain] INFO  o.s.w.s.m.m.a.RequestMappingHandlerMapping -Mapped "{[/perms/findLastPermissionByType],methods=[GET]}" onto public java.lang.Object com.qxf.controller.PermsController.findAllBasePermission(java.lang.String)
2020-05-11 02:05:04.580 [restartedMain] INFO  o.s.w.s.m.m.a.RequestMappingHandlerMapping -Mapped "{[/perms/list],methods=[GET]}" onto public java.lang.Object com.qxf.controller.PermsController.findPermissionByPage(java.lang.Integer,java.lang.Integer,java.lang.String)
2020-05-11 02:05:04.581 [restartedMain] INFO  o.s.w.s.m.m.a.RequestMappingHandlerMapping -Mapped "{[/perms/delete],methods=[POST]}" onto public java.lang.Object com.qxf.controller.PermsController.delPermis(com.qxf.pojo.Perms)
2020-05-11 02:05:04.583 [restartedMain] INFO  o.s.w.s.m.m.a.RequestMappingHandlerMapping -Mapped "{[/exam/add],methods=[POST]}" onto public java.lang.Object com.qxf.controller.QuestionExamController.add(com.qxf.pojo.QuestionExam)
2020-05-11 02:05:04.584 [restartedMain] INFO  o.s.w.s.m.m.a.RequestMappingHandlerMapping -Mapped "{[/exam/delete],methods=[POST]}" onto public java.lang.Object com.qxf.controller.QuestionExamController.delete(com.qxf.pojo.QuestionExam)
2020-05-11 02:05:04.584 [restartedMain] INFO  o.s.w.s.m.m.a.RequestMappingHandlerMapping -Mapped "{[/exam/list],methods=[GET]}" onto public java.lang.Object com.qxf.controller.QuestionExamController.getListByPage(java.lang.Integer,java.lang.Integer,java.lang.String)
2020-05-11 02:05:04.585 [restartedMain] INFO  o.s.w.s.m.m.a.RequestMappingHandlerMapping -Mapped "{[/exam/getExamById],methods=[GET]}" onto public java.lang.Object com.qxf.controller.QuestionExamController.getExamById(java.lang.String)
2020-05-11 02:05:04.586 [restartedMain] INFO  o.s.w.s.m.m.a.RequestMappingHandlerMapping -Mapped "{[/exam/record/add],methods=[POST]}" onto public java.lang.Object com.qxf.controller.QuestionExamRecordController.add(com.qxf.pojo.QuestionExamRecord)
2020-05-11 02:05:04.597 [restartedMain] INFO  o.s.w.s.m.m.a.RequestMappingHandlerMapping -Mapped "{[/paper/add],methods=[POST]}" onto public java.lang.Object com.qxf.controller.QuestionPaperController.add(com.qxf.pojo.ExamVo)
2020-05-11 02:05:04.598 [restartedMain] INFO  o.s.w.s.m.m.a.RequestMappingHandlerMapping -Mapped "{[/paper/getPaperById],methods=[GET]}" onto public java.lang.Object com.qxf.controller.QuestionPaperController.getPaperById(java.lang.String)
2020-05-11 02:05:04.600 [restartedMain] INFO  o.s.w.s.m.m.a.RequestMappingHandlerMapping -Mapped "{[/role/findRolesPermisByRole],methods=[GET]}" onto public java.lang.Object com.qxf.controller.RoleController.findRolesPermisByRole(java.lang.String)
2020-05-11 02:05:04.600 [restartedMain] INFO  o.s.w.s.m.m.a.RequestMappingHandlerMapping -Mapped "{[/role/add],methods=[POST]}" onto public java.lang.Object com.qxf.controller.RoleController.addRoles(com.qxf.pojo.Role,org.springframework.validation.BindingResult)
2020-05-11 02:05:04.601 [restartedMain] INFO  o.s.w.s.m.m.a.RequestMappingHandlerMapping -Mapped "{[/role/delete],methods=[POST]}" onto public java.lang.Object com.qxf.controller.RoleController.delRoles(com.qxf.pojo.Role)
2020-05-11 02:05:04.601 [restartedMain] INFO  o.s.w.s.m.m.a.RequestMappingHandlerMapping -Mapped "{[/role/perms],methods=[POST]}" onto public java.lang.Object com.qxf.controller.RoleController.addRolesPermis(com.qxf.pojo.RolePerms,org.springframework.validation.BindingResult)
2020-05-11 02:05:04.601 [restartedMain] INFO  o.s.w.s.m.m.a.RequestMappingHandlerMapping -Mapped "{[/role/findAllRoles],methods=[GET]}" onto public java.lang.Object com.qxf.controller.RoleController.findAllRoles(com.qxf.pojo.RolePerms,org.springframework.validation.BindingResult)
2020-05-11 02:05:04.602 [restartedMain] INFO  o.s.w.s.m.m.a.RequestMappingHandlerMapping -Mapped "{[/role/list],methods=[GET]}" onto public java.lang.Object com.qxf.controller.RoleController.findRoleByPage(java.lang.Integer,java.lang.Integer,java.lang.String)
2020-05-11 02:05:04.609 [restartedMain] INFO  o.s.w.s.m.m.a.RequestMappingHandlerMapping -Mapped "{[/student/list],methods=[GET]}" onto public java.lang.Object com.qxf.controller.StudentController.getListByPage(java.lang.Integer,java.lang.Integer,java.lang.String)
2020-05-11 02:05:04.610 [restartedMain] INFO  o.s.w.s.m.m.a.RequestMappingHandlerMapping -Mapped "{[/student/add],methods=[POST]}" onto public java.lang.Object com.qxf.controller.StudentController.addStudent(com.qxf.pojo.Student)
2020-05-11 02:05:04.611 [restartedMain] INFO  o.s.w.s.m.m.a.RequestMappingHandlerMapping -Mapped "{[/student/delete],methods=[POST]}" onto public java.lang.Object com.qxf.controller.StudentController.deleteStudent(com.qxf.pojo.Student)
2020-05-11 02:05:04.613 [restartedMain] INFO  o.s.w.s.m.m.a.RequestMappingHandlerMapping -Mapped "{[/sys/loginLog/list],methods=[GET]}" onto public java.lang.Object com.qxf.controller.SysController.getLoginLogByPage(java.lang.Integer,java.lang.Integer,java.lang.String)
2020-05-11 02:05:04.614 [restartedMain] INFO  o.s.w.s.m.m.a.RequestMappingHandlerMapping -Mapped "{[/sys/operateRecord/list],methods=[GET]}" onto public java.lang.Object com.qxf.controller.SysController.getOperateRecordByPage(java.lang.Integer,java.lang.Integer,java.lang.String)
2020-05-11 02:05:04.614 [restartedMain] INFO  o.s.w.s.m.m.a.RequestMappingHandlerMapping -Mapped "{[/sys/findUserLoginTotal],methods=[GET]}" onto public java.lang.Object com.qxf.controller.SysController.findUserLoginTotal()
2020-05-11 02:05:04.614 [restartedMain] INFO  o.s.w.s.m.m.a.RequestMappingHandlerMapping -Mapped "{[/sys/findUserReqTotal],methods=[GET]}" onto public java.lang.Object com.qxf.controller.SysController.findUserReqTotal()
2020-05-11 02:05:04.616 [restartedMain] INFO  o.s.w.s.m.m.a.RequestMappingHandlerMapping -Mapped "{[/teacher/list],methods=[GET]}" onto public java.lang.Object com.qxf.controller.TeacherController.getListByPage(java.lang.Integer,java.lang.Integer,java.lang.String)
2020-05-11 02:05:04.616 [restartedMain] INFO  o.s.w.s.m.m.a.RequestMappingHandlerMapping -Mapped "{[/teacher/findAllTeacher],methods=[GET]}" onto public java.lang.Object com.qxf.controller.TeacherController.findAllTeacher()
2020-05-11 02:05:04.616 [restartedMain] INFO  o.s.w.s.m.m.a.RequestMappingHandlerMapping -Mapped "{[/teacher/add],methods=[POST]}" onto public java.lang.Object com.qxf.controller.TeacherController.addTeacher(com.qxf.pojo.Teacher)
2020-05-11 02:05:04.620 [restartedMain] INFO  o.s.w.s.m.m.a.RequestMappingHandlerMapping -Mapped "{[/user/export]}" onto public void com.qxf.controller.UserController.export(com.qxf.pojo.User,java.lang.String,javax.servlet.http.HttpServletResponse) throws java.lang.Exception
2020-05-11 02:05:04.620 [restartedMain] INFO  o.s.w.s.m.m.a.RequestMappingHandlerMapping -Mapped "{[/user/add],methods=[POST]}" onto public java.lang.Object com.qxf.controller.UserController.addUser(com.qxf.pojo.User,org.springframework.validation.BindingResult)
2020-05-11 02:05:04.622 [restartedMain] INFO  o.s.w.s.m.m.a.RequestMappingHandlerMapping -Mapped "{[/user/upload]}" onto public java.lang.String com.qxf.controller.UserController.handleFileUpload(org.springframework.web.multipart.MultipartFile)
2020-05-11 02:05:04.623 [restartedMain] INFO  o.s.w.s.m.m.a.RequestMappingHandlerMapping -Mapped "{[/user/list],methods=[GET]}" onto public java.lang.Object com.qxf.controller.UserController.findUserByPage(java.lang.Integer,java.lang.Integer,com.qxf.pojo.User)
2020-05-11 02:05:04.624 [restartedMain] INFO  o.s.w.s.m.m.a.RequestMappingHandlerMapping -Mapped "{[/user/delete],methods=[POST]}" onto public java.lang.Object com.qxf.controller.UserController.delUsers(com.qxf.pojo.User)
2020-05-11 02:05:04.625 [restartedMain] INFO  o.s.w.s.m.m.a.RequestMappingHandlerMapping -Mapped "{[/user/status],methods=[POST]}" onto public java.lang.Object com.qxf.controller.UserController.editUserStatus(com.qxf.pojo.User)
2020-05-11 02:05:04.627 [restartedMain] INFO  o.s.w.s.m.m.a.RequestMappingHandlerMapping -Mapped "{[/user/uploadHander],methods=[POST]}" onto public java.lang.String com.qxf.controller.UserController.uploadLogo(javax.servlet.http.HttpServletRequest)
2020-05-11 02:05:04.628 [restartedMain] INFO  o.s.w.s.m.m.a.RequestMappingHandlerMapping -Mapped "{[/user/import]}" onto public java.lang.Object com.qxf.controller.UserController.ExcelImport(org.springframework.web.multipart.MultipartFile[]) throws java.lang.Exception
2020-05-11 02:05:04.632 [restartedMain] INFO  o.s.w.s.m.m.a.RequestMappingHandlerMapping -Mapped "{[/user/update],methods=[POST]}" onto public java.lang.Object com.qxf.controller.UserController.editUserInfo(com.qxf.pojo.User)
2020-05-11 02:05:04.636 [restartedMain] INFO  o.s.w.s.m.m.a.RequestMappingHandlerMapping -Mapped "{[/error]}" onto public org.springframework.http.ResponseEntity<java.util.Map<java.lang.String, java.lang.Object>> org.springframework.boot.autoconfigure.web.BasicErrorController.error(javax.servlet.http.HttpServletRequest)
2020-05-11 02:05:04.637 [restartedMain] INFO  o.s.w.s.m.m.a.RequestMappingHandlerMapping -Mapped "{[/error],produces=[text/html]}" onto public org.springframework.web.servlet.ModelAndView org.springframework.boot.autoconfigure.web.BasicErrorController.errorHtml(javax.servlet.http.HttpServletRequest,javax.servlet.http.HttpServletResponse)
2020-05-11 02:05:04.917 [restartedMain] INFO  o.s.w.s.h.SimpleUrlHandlerMapping -Mapped URL path [/webjars/**] onto handler of type [class org.springframework.web.servlet.resource.ResourceHttpRequestHandler]
2020-05-11 02:05:04.917 [restartedMain] INFO  o.s.w.s.h.SimpleUrlHandlerMapping -Mapped URL path [/**] onto handler of type [class org.springframework.web.servlet.resource.ResourceHttpRequestHandler]
2020-05-11 02:05:05.014 [restartedMain] INFO  o.s.w.s.m.m.a.ExceptionHandlerExceptionResolver -Detected @ExceptionHandler methods in exceptionHandle
2020-05-11 02:05:05.106 [restartedMain] INFO  o.s.w.s.h.SimpleUrlHandlerMapping -Mapped URL path [/**/favicon.ico] onto handler of type [class org.springframework.web.servlet.resource.ResourceHttpRequestHandler]
2020-05-11 02:05:05.921 [restartedMain] INFO  o.s.b.d.a.OptionalLiveReloadServer -LiveReload server is running on port 35729
2020-05-11 02:05:06.108 [restartedMain] INFO  o.s.j.e.a.AnnotationMBeanExporter -Registering beans for JMX exposure on startup
2020-05-11 02:05:06.111 [restartedMain] INFO  o.s.j.e.a.AnnotationMBeanExporter -Bean with name 'druidDataSource' has been autodetected for JMX exposure
2020-05-11 02:05:06.118 [restartedMain] INFO  o.s.j.e.a.AnnotationMBeanExporter -Located MBean 'druidDataSource': registering with JMX server as MBean [com.alibaba.druid.pool:name=druidDataSource,type=DruidDataSource]
2020-05-11 02:05:06.177 [restartedMain] INFO  o.s.b.c.e.t.TomcatEmbeddedServletContainer -Tomcat started on port(s): 8089 (http)
2020-05-11 02:05:06.183 [restartedMain] INFO  com.qxf.BootShiroVueStu -Started BootShiroVueStu in 11.946 seconds (JVM running for 16.021)
2020-05-11 02:05:59.120 [http-nio-8089-exec-2] INFO  o.a.c.c.C.[Tomcat].[localhost].[/] -Initializing Spring FrameworkServlet 'dispatcherServlet'
2020-05-11 02:05:59.121 [http-nio-8089-exec-2] INFO  o.s.web.servlet.DispatcherServlet -FrameworkServlet 'dispatcherServlet': initialization started
2020-05-11 02:05:59.161 [http-nio-8089-exec-2] INFO  o.s.web.servlet.DispatcherServlet -FrameworkServlet 'dispatcherServlet': initialization completed in 40 ms
2020-05-11 02:05:59.236 [http-nio-8089-exec-3] INFO  com.qxf.aspect.HttpAspect -========================== ↓收到请求↓ ==========================
2020-05-11 02:05:59.236 [http-nio-8089-exec-3] INFO  com.qxf.aspect.HttpAspect -请求url:/user/login
2020-05-11 02:05:59.238 [http-nio-8089-exec-3] INFO  com.qxf.aspect.HttpAspect -请求源ip:0:0:0:0:0:0:0:1
2020-05-11 02:05:59.238 [http-nio-8089-exec-3] INFO  com.qxf.aspect.HttpAspect -请求方式:POST
2020-05-11 02:05:59.240 [http-nio-8089-exec-3] INFO  com.qxf.aspect.HttpAspect -请求方法:com.qxf.controller.LoginController.login()
2020-05-11 02:05:59.240 [http-nio-8089-exec-3] INFO  com.qxf.aspect.HttpAspect -请求参数:[admin, 1702a132e769a623c1adb78353fc9503, org.apache.catalina.session.StandardSessionFacade@2c4ce46d, org.apache.shiro.web.servlet.ShiroHttpServletRequest@9f49f5a]
2020-05-11 02:05:59.240 [http-nio-8089-exec-3] INFO  com.qxf.aspect.HttpAspect -getContextPath:
2020-05-11 02:05:59.240 [http-nio-8089-exec-3] INFO  com.qxf.aspect.HttpAspect -========================== ↑收到请求↑ ==========================
2020-05-11 02:06:02.645 [http-nio-8089-exec-3] INFO  com.qxf.shiro.AuthRealm -======================= 认证登陆 ======================
2020-05-11 02:06:02.658 [http-nio-8089-exec-3] INFO  com.qxf.shiro.AuthRealm -======================= 登陆成功 ======================
2020-05-11 02:06:02.878 [http-nio-8089-exec-3] INFO  com.qxf.aspect.HttpAspect -========================== ↓响应请求↓ ==========================
2020-05-11 02:06:02.878 [http-nio-8089-exec-3] INFO  com.qxf.aspect.HttpAspect -请求返回值：{"msg":"登陆成功","data":{"lastLoginTime":"Mon May 11 02:06:02 CST 2020","photoUrl":"/vue_shiro_photo/userImg/57c75417-4dd3-4de8-9b06-313da6356fb9.jpg","password":"10a1b727c497d49a85bfff7351f1a4c4","enable":1,"roleId":"1","roleName":"管理员","userPerms":[{"children":[{"children":[{"name":"查询用户列表","id":"820efa55091d11eab9205c93a27933da","url":"/user/list"},{"name":"增加用户","id":"ba31aeb4091d11eab9205c93a27933da","url":"/user/add"},{"name":"删除用户","id":"d7fce144091d11eab9205c93a27933da","url":"/user/delete"},{"name":"修改用户","id":"fc2eb41a091d11eab9205c93a27933da","url":"/user/update"},{"name":"修改用户状态","id":"23f4adac091e11eab9205c93a27933da","url":"/user/status"}],"name":"用户列表","id":"5a9d92b7091d11eab9205c93a27933da","url":"/user/list"}],"name":"用户管理","id":"13df1129091a11eab9205c93a27933da","url":"/"},{"children":[{"children":[{"name":"查询学生列表","id":"823190dd091e11eab9205c93a27933da","url":"/student/list"},{"name":"增加学生","id":"af5f93ba091e11eab9205c93a27933da","url":"/student/add"},{"name":"删除学生","id":"c6bdac03091e11eab9205c93a27933da","url":"/student/delete"},{"name":"修改学生","id":"df671ea6091e11eab9205c93a27933da","url":"/student/update"}],"name":"学生列表","id":"5ec1d332091e11eab9205c93a27933da","url":"/student/list"}],"name":"学生管理","id":"62c45854091b11eab9205c93a27933da","url":"/"},{"children":[{"children":[{"name":"查询班级","id":"d513e734091f11eab9205c93a27933da","url":"/clazz/list"},{"name":"新增班级","id":"f04cef41091f11eab9205c93a27933da","url":"/clazz/add"},{"name":"删除班级","id":"0a8dc6d5092011eab9205c93a27933da","url":"/clazz/delete"},{"name":"修改班级","id":"2a40ca0e092011eab9205c93a27933da","url":"/clazz/update"},{"name":"管理班级学生","id":"43f0d8d0092011eab9205c93a27933da","url":"/clazz/student"}],"name":"班级列表","id":"95261a58091f11eab9205c93a27933da","url":"/clazz/list"}],"name":"班级管理","id":"826e1aa2091b11eab9205c93a27933da","url":"/"},{"children":[{"children":[{"name":"查询专业","id":"9c03b751092011eab9205c93a27933da","url":"/major/list"},{"name":"新增专业","id":"b3d419f8092011eab9205c93a27933da","url":"/major/add"},{"name":"删除专业","id":"ca116b67092011eab9205c93a27933da","url":"/major/delete"},{"name":"修改专业","id":"e0d97a6b092011eab9205c93a27933da","url":"/major/update"},{"name":"管理班级","id":"f803420d092011eab9205c93a27933da","url":"/major/clazz"}],"name":"专业列表","id":"83d1cb50092011eab9205c93a27933da","url":"/major/list"}],"name":"专业管理","id":"95ccc408091b11eab9205c93a27933da","url":"/"},{"children":[{"children":[{"name":"查询学院","id":"314753b3092111eab9205c93a27933da","url":"/institute/list"},{"name":"新增学院","id":"4af67cfe092111eab9205c93a27933da","url":"/institute/add"},{"name":"删除学院","id":"60059b5f092111eab9205c93a27933da","url":"/institute/delete"},{"name":"修改学院","id":"747e17c7092111eab9205c93a27933da","url":"/institute/update"},{"name":"管理专业","id":"8a941710092111eab9205c93a27933da","url":"/institute/major"}],"name":"学院列表","id":"1126ce20092111eab9205c93a27933da","url":"/institute/list"}],"name":"学院管理","id":"aff61364091b11eab9205c93a27933da","url":"/"},{"children":[{"children":[{"name":"查询老师","id":"be4b7030092211eab9205c93a27933da","url":"/teacher/list"},{"name":"新增老师","id":"d9d9ab35092211eab9205c93a27933da","url":"/teacher/add"},{"name":"删除老师","id":"ef4b5bcd092211eab9205c93a27933da","url":"/teacher/delete"},{"name":"修改老师","id":"05bb23b6092311eab9205c93a27933da","url":"/teacher/update"}],"name":"老师列表","id":"a38c0dd5092211eab9205c93a27933da","url":"/teacher/list"}],"name":"老师管理","id":"ff7cc273091b11eab9205c93a27933da","url":"/"},{"children":[{"children":[],"name":"考试管理","id":"7cd5fc614fd811eaa4985c93a27933da","url":"/paper"},{"children":[],"name":"题库管理","id":"afa5548c4fd811eaa4985c93a27933da","url":"/question"}],"name":"考试管理","id":"f75c6e824fd711eaa4985c93a27933da","url":"/"},{"children":[{"children":[{"name":"查询字典","id":"f0a12818093511eaabbd5c93a27933da","url":"/dict/list"},{"name":"新增字典","id":"08f07ff0093611eaabbd5c93a27933da","url":"/dict/add"},{"name":"删除字典","id":"1ea2d9c2093611eaabbd5c93a27933da","url":"/dict/delete"},{"name":"修改字典","id":"36fd4e99093611eaabbd5c93a27933da","url":"/dict/update"}],"name":"字典列表","id":"d6e1b7c1093511eaabbd5c93a27933da","url":"/dict/list"}],"name":"数据字典","id":"0881bbf9091b11eab9205c93a27933da","url":"/"},{"children":[{"children":[{"name":"查询角色","id":"dce14c10093611eaabbd5c93a27933da","url":"/role/list"},{"name":"新增角色","id":"f5e9849a093611eaabbd5c93a27933da","url":"/role/add"},{"name":"删除角色","id":"09e01079093711eaabbd5c93a27933da","url":"/role/delete"},{"name":"修改角色","id":"20e2403a093711eaabbd5c93a27933da","url":"/role/update"},{"name":"为角色赋予权限","id":"356cb6a6093711eaabbd5c93a27933da","url":"/role/perms"}],"name":"角色列表","id":"680742f1093611eaabbd5c93a27933da","url":"/role/list"},{"children":[{"name":"查询权限","id":"5897fe38093711eaabbd5c93a27933da","url":"/perms/list"},{"name":"新增权限","id":"7db7ea01093711eaabbd5c93a27933da","url":"/perms/add"},{"name":"删除权限","id":"92138d58093711eaabbd5c93a27933da","url":"/perms/delete"},{"name":"编辑权限","id":"a53b3939093711eaabbd5c93a27933da","url":"/perms/update"}],"name":"菜单列表","id":"8988d3f1093611eaabbd5c93a27933da","url":"/perms/list"}],"name":"权限管理","id":"1ad9f642091b11eab9205c93a27933da","url":"/"},{"children":[{"children":[{"name":"查询登录日志","id":"be422d69093811eaabbd5c93a27933da","url":"/loginLog/list"}],"name":"登录日志","id":"a015d1c9093811eaabbd5c93a27933da","url":"/sys/loginLog"},{"children":[{"name":"查询操作记录","id":"edf5aafd093811eaabbd5c93a27933da","url":"/operateRecord/list"}],"name":"操作记录","id":"d54cce0a093811eaabbd5c93a27933da","url":"/sys/operateRecord"},{"children":[{"name":"统计登录","id":"139595391c1b11ea83aa5c93a27933da","url":"/sys/findUserLoginTotal"},{"name":"统计请求","id":"43c818ae1c1b11ea83aa5c93a27933da","url":"/sys/findUserReqTotal"}],"name":"统计分析","id":"acea8c541c1a11ea83aa5c93a27933da","url":"/sys/statistics"}],"name":"系统管理","id":"3dfc9c48091b11eab9205c93a27933da","url":"/"}],"id":"67eb71f1091911eab9205c93a27933da","email":"admin@163.com","username":"admin"},"status":200}
2020-05-11 02:06:03.382 [http-nio-8089-exec-4] INFO  com.qxf.aspect.HttpAspect -========================== ↓收到请求↓ ==========================
2020-05-11 02:06:03.382 [http-nio-8089-exec-4] INFO  com.qxf.aspect.HttpAspect -请求url:/user/list
2020-05-11 02:06:03.382 [http-nio-8089-exec-4] INFO  com.qxf.aspect.HttpAspect -请求源ip:0:0:0:0:0:0:0:1
2020-05-11 02:06:03.382 [http-nio-8089-exec-4] INFO  com.qxf.aspect.HttpAspect -请求方式:GET
2020-05-11 02:06:03.383 [http-nio-8089-exec-4] INFO  com.qxf.aspect.HttpAspect -请求方法:com.qxf.controller.UserController.findUserByPage()
2020-05-11 02:06:03.383 [http-nio-8089-exec-4] INFO  com.qxf.aspect.HttpAspect -请求参数:[1, 30, User(id=null, username=, password=null, email=null, photoUrl=null, enable=null, createTime=null, lastLoginTime=null, roleId=null, roleName=null, userPerms=null, ids=null)]
2020-05-11 02:06:03.383 [http-nio-8089-exec-4] INFO  com.qxf.aspect.HttpAspect -getContextPath:
2020-05-11 02:06:03.383 [http-nio-8089-exec-4] INFO  com.qxf.aspect.HttpAspect -========================== ↑收到请求↑ ==========================
2020-05-11 02:06:03.460 [http-nio-8089-exec-4] INFO  com.qxf.aspect.HttpAspect -========================== ↓响应请求↓ ==========================
2020-05-11 02:06:03.461 [http-nio-8089-exec-4] INFO  com.qxf.aspect.HttpAspect -请求返回值：{"msg":"请求成功","total":14,"data":[{"lastLoginTime":"Mon May 11 02:06:02 CST 2020","photoUrl":"/vue_shiro_photo/userImg/57c75417-4dd3-4de8-9b06-313da6356fb9.jpg","createTime":"Tue Nov 19 07:17:12 CST 2019","roleId":"1","enable":1,"roleName":"管理员","id":"67eb71f1091911eab9205c93a27933da","email":"admin@163.com","username":"admin"},{"createTime":"Sat Feb 15 12:12:28 CST 2020","roleId":"1","enable":1,"roleName":"管理员","id":"0d5a44e2e9eb487497ea539cd841e22f","email":"anni@qq.com","username":"安妮"},{"lastLoginTime":"Sat Nov 23 22:19:46 CST 2019","photoUrl":"/vue_shiro_photo/userImg/38ac6782-a958-4726-a3a2-3efd88d1e9b4.jpg","createTime":"Sat Nov 23 11:27:16 CST 2019","roleId":"1","enable":1,"roleName":"管理员","id":"7b0272d267be43f097af993a4d8bb467","email":"ff@qq.com","username":"ff"},{"lastLoginTime":"Sat Nov 23 22:17:02 CST 2019","photoUrl":"/vue_shiro_photo/userImg/1fa36717-8aeb-4ba3-9f3e-a17cc08b45a6.jpg","createTime":"Tue Nov 12 07:17:19 CST 2019","roleId":"2","enable":1,"roleName":"老师","id":"74013ffb091911eab9205c93a27933da","email":"tom@163.com","username":"tom"},{"lastLoginTime":"Sat Nov 23 22:17:36 CST 2019","photoUrl":"/vue_shiro_photo/userImg/107c11be-a14c-4917-8f69-4d3828a05af6.jpg","createTime":"Thu Nov 21 20:57:18 CST 2019","roleId":"2","enable":0,"roleName":"老师","id":"95dd55d0a8ae49af83d391ccd36b9a11","email":"cc@qq.com","username":"rr"},{"lastLoginTime":"Fri Dec 13 23:10:12 CST 2019","createTime":"Tue Nov 26 06:53:58 CST 2019","roleId":"2","enable":1,"roleName":"老师","id":"4f8f02dff98044ffb7f7dfbc8c57c596","username":"李老师"},{"createTime":"Tue Nov 26 06:54:04 CST 2019","roleId":"2","enable":1,"roleName":"老师","id":"dbca8e5caec24c6ca4b3dccd053f9102","username":"高老师"},{"lastLoginTime":"Sat Dec 14 21:46:23 CST 2019","createTime":"Tue Nov 26 06:54:07 CST 2019","roleId":"2","enable":1,"roleName":"老师","id":"fe8147e10e454b259705d10d7514f2ac","username":"张老师"},{"createTime":"Thu Dec 12 20:41:05 CST 2019","roleId":"3","enable":1,"roleName":"学生","id":"5603b25e56974e3399e4609477e23c56","username":"安安"},{"lastLoginTime":"Sat Nov 23 22:18:53 CST 2019","photoUrl":"/vue_shiro_photo/userImg/6ba3aca5-3bb0-4fcd-a618-81c17d9f0d27.jpg","createTime":"Tue Nov 12 07:18:26 CST 2019","roleId":"3","enable":1,"roleName":"学生","id":"7bc5259b091911eab9205c93a27933da","email":"student@163.com","username":"student"},{"lastLoginTime":"Mon May 04 02:26:46 CST 2020","photoUrl":"/vue_shiro_photo/userImg/d8883ca3-8647-49e0-af32-596c5300305a.jpg","createTime":"Sun Nov 24 21:21:33 CST 2019","roleId":"3","enable":1,"roleName":"学生","id":"032e7ac5fe4d45ff824c7cf125c70d3f","email":"zs@qq.com","username":"张三"},{"createTime":"Sun Nov 24 22:23:38 CST 2019","roleId":"3","enable":1,"roleName":"学生","id":"89685bd813b1437cab9aef7bde7637ba","username":"王五"},{"createTime":"Sun Nov 24 21:30:07 CST 2019","roleId":"3","enable":1,"roleName":"学生","id":"caf2659b709e46679244603a5b1a5c41","username":"李四"},{"lastLoginTime":"Sun Nov 24 10:12:01 CST 2019","createTime":"Sun Nov 24 10:09:30 CST 2019","roleId":"a4ea24e68fc342c2a52286702061a022","enable":1,"roleName":"测试角色","id":"3e5dfa87593e4a44b8212eb3866aefdb","email":"cc@qq.com","username":"cc"}],"status":200}
2020-05-11 02:07:59.077 [http-nio-8089-exec-7] INFO  com.qxf.aspect.HttpAspect -========================== ↓收到请求↓ ==========================
2020-05-11 02:07:59.077 [http-nio-8089-exec-7] INFO  com.qxf.aspect.HttpAspect -请求url:/user/list
2020-05-11 02:07:59.077 [http-nio-8089-exec-7] INFO  com.qxf.aspect.HttpAspect -请求源ip:0:0:0:0:0:0:0:1
2020-05-11 02:07:59.077 [http-nio-8089-exec-7] INFO  com.qxf.aspect.HttpAspect -请求方式:GET
2020-05-11 02:07:59.078 [http-nio-8089-exec-7] INFO  com.qxf.aspect.HttpAspect -请求方法:com.qxf.controller.UserController.findUserByPage()
2020-05-11 02:07:59.078 [http-nio-8089-exec-7] INFO  com.qxf.aspect.HttpAspect -请求参数:[1, 30, User(id=null, username=, password=null, email=null, photoUrl=null, enable=null, createTime=null, lastLoginTime=null, roleId=null, roleName=null, userPerms=null, ids=null)]
2020-05-11 02:07:59.078 [http-nio-8089-exec-7] INFO  com.qxf.aspect.HttpAspect -getContextPath:
2020-05-11 02:07:59.078 [http-nio-8089-exec-7] INFO  com.qxf.aspect.HttpAspect -========================== ↑收到请求↑ ==========================
2020-05-11 02:07:59.104 [http-nio-8089-exec-7] INFO  com.qxf.aspect.HttpAspect -========================== ↓响应请求↓ ==========================
2020-05-11 02:07:59.104 [http-nio-8089-exec-7] INFO  com.qxf.aspect.HttpAspect -请求返回值：{"msg":"请求成功","total":14,"data":[{"lastLoginTime":"Mon May 11 02:06:02 CST 2020","photoUrl":"/vue_shiro_photo/userImg/57c75417-4dd3-4de8-9b06-313da6356fb9.jpg","createTime":"Tue Nov 19 07:17:12 CST 2019","roleId":"1","enable":1,"roleName":"管理员","id":"67eb71f1091911eab9205c93a27933da","email":"admin@163.com","username":"admin"},{"createTime":"Sat Feb 15 12:12:28 CST 2020","roleId":"1","enable":1,"roleName":"管理员","id":"0d5a44e2e9eb487497ea539cd841e22f","email":"anni@qq.com","username":"安妮"},{"lastLoginTime":"Sat Nov 23 22:19:46 CST 2019","photoUrl":"/vue_shiro_photo/userImg/38ac6782-a958-4726-a3a2-3efd88d1e9b4.jpg","createTime":"Sat Nov 23 11:27:16 CST 2019","roleId":"1","enable":1,"roleName":"管理员","id":"7b0272d267be43f097af993a4d8bb467","email":"ff@qq.com","username":"ff"},{"lastLoginTime":"Sat Nov 23 22:17:02 CST 2019","photoUrl":"/vue_shiro_photo/userImg/1fa36717-8aeb-4ba3-9f3e-a17cc08b45a6.jpg","createTime":"Tue Nov 12 07:17:19 CST 2019","roleId":"2","enable":1,"roleName":"老师","id":"74013ffb091911eab9205c93a27933da","email":"tom@163.com","username":"tom"},{"lastLoginTime":"Sat Nov 23 22:17:36 CST 2019","photoUrl":"/vue_shiro_photo/userImg/107c11be-a14c-4917-8f69-4d3828a05af6.jpg","createTime":"Thu Nov 21 20:57:18 CST 2019","roleId":"2","enable":0,"roleName":"老师","id":"95dd55d0a8ae49af83d391ccd36b9a11","email":"cc@qq.com","username":"rr"},{"lastLoginTime":"Fri Dec 13 23:10:12 CST 2019","createTime":"Tue Nov 26 06:53:58 CST 2019","roleId":"2","enable":1,"roleName":"老师","id":"4f8f02dff98044ffb7f7dfbc8c57c596","username":"李老师"},{"createTime":"Tue Nov 26 06:54:04 CST 2019","roleId":"2","enable":1,"roleName":"老师","id":"dbca8e5caec24c6ca4b3dccd053f9102","username":"高老师"},{"lastLoginTime":"Sat Dec 14 21:46:23 CST 2019","createTime":"Tue Nov 26 06:54:07 CST 2019","roleId":"2","enable":1,"roleName":"老师","id":"fe8147e10e454b259705d10d7514f2ac","username":"张老师"},{"createTime":"Thu Dec 12 20:41:05 CST 2019","roleId":"3","enable":1,"roleName":"学生","id":"5603b25e56974e3399e4609477e23c56","username":"安安"},{"lastLoginTime":"Sat Nov 23 22:18:53 CST 2019","photoUrl":"/vue_shiro_photo/userImg/6ba3aca5-3bb0-4fcd-a618-81c17d9f0d27.jpg","createTime":"Tue Nov 12 07:18:26 CST 2019","roleId":"3","enable":1,"roleName":"学生","id":"7bc5259b091911eab9205c93a27933da","email":"student@163.com","username":"student"},{"lastLoginTime":"Mon May 04 02:26:46 CST 2020","photoUrl":"/vue_shiro_photo/userImg/d8883ca3-8647-49e0-af32-596c5300305a.jpg","createTime":"Sun Nov 24 21:21:33 CST 2019","roleId":"3","enable":1,"roleName":"学生","id":"032e7ac5fe4d45ff824c7cf125c70d3f","email":"zs@qq.com","username":"张三"},{"createTime":"Sun Nov 24 22:23:38 CST 2019","roleId":"3","enable":1,"roleName":"学生","id":"89685bd813b1437cab9aef7bde7637ba","username":"王五"},{"createTime":"Sun Nov 24 21:30:07 CST 2019","roleId":"3","enable":1,"roleName":"学生","id":"caf2659b709e46679244603a5b1a5c41","username":"李四"},{"lastLoginTime":"Sun Nov 24 10:12:01 CST 2019","createTime":"Sun Nov 24 10:09:30 CST 2019","roleId":"a4ea24e68fc342c2a52286702061a022","enable":1,"roleName":"测试角色","id":"3e5dfa87593e4a44b8212eb3866aefdb","email":"cc@qq.com","username":"cc"}],"status":200}
2020-05-11 02:08:11.740 [http-nio-8089-exec-9] INFO  com.qxf.aspect.HttpAspect -========================== ↓收到请求↓ ==========================
2020-05-11 02:08:11.740 [http-nio-8089-exec-9] INFO  com.qxf.aspect.HttpAspect -请求url:/user/export
2020-05-11 02:08:11.740 [http-nio-8089-exec-9] INFO  com.qxf.aspect.HttpAspect -请求源ip:0:0:0:0:0:0:0:1
2020-05-11 02:08:11.740 [http-nio-8089-exec-9] INFO  com.qxf.aspect.HttpAspect -请求方式:POST
2020-05-11 02:08:11.740 [http-nio-8089-exec-9] INFO  com.qxf.aspect.HttpAspect -请求方法:com.qxf.controller.UserController.export()
2020-05-11 02:08:11.740 [http-nio-8089-exec-9] INFO  com.qxf.aspect.HttpAspect -请求参数:[User(id=null, username=, password=null, email=null, photoUrl=null, enable=null, createTime=null, lastLoginTime=null, roleId=null, roleName=null, userPerms=null, ids=null), null, org.apache.catalina.connector.ResponseFacade@35b7438d]
2020-05-11 02:08:11.740 [http-nio-8089-exec-9] INFO  com.qxf.aspect.HttpAspect -getContextPath:
2020-05-11 02:08:11.740 [http-nio-8089-exec-9] INFO  com.qxf.aspect.HttpAspect -========================== ↑收到请求↑ ==========================
2020-05-11 02:08:11.838 [http-nio-8089-exec-9] INFO  com.qxf.aspect.HttpAspect -========================== ↓响应请求↓ ==========================
2020-05-11 02:08:11.839 [http-nio-8089-exec-9] INFO  com.qxf.aspect.HttpAspect -请求返回值：null
2020-05-11 02:08:19.345 [http-nio-8089-exec-10] INFO  com.qxf.aspect.HttpAspect -========================== ↓收到请求↓ ==========================
2020-05-11 02:08:19.346 [http-nio-8089-exec-10] INFO  com.qxf.aspect.HttpAspect -请求url:/user/export
2020-05-11 02:08:19.346 [http-nio-8089-exec-10] INFO  com.qxf.aspect.HttpAspect -请求源ip:0:0:0:0:0:0:0:1
2020-05-11 02:08:19.346 [http-nio-8089-exec-10] INFO  com.qxf.aspect.HttpAspect -请求方式:GET
2020-05-11 02:08:19.346 [http-nio-8089-exec-10] INFO  com.qxf.aspect.HttpAspect -请求方法:com.qxf.controller.UserController.export()
2020-05-11 02:08:19.346 [http-nio-8089-exec-10] INFO  com.qxf.aspect.HttpAspect -请求参数:[null, , org.apache.catalina.connector.ResponseFacade@35b7438d]
2020-05-11 02:08:19.350 [http-nio-8089-exec-10] INFO  com.qxf.aspect.HttpAspect -getContextPath:
2020-05-11 02:08:19.350 [http-nio-8089-exec-10] INFO  com.qxf.aspect.HttpAspect -========================== ↑收到请求↑ ==========================
2020-05-11 02:08:19.373 [http-nio-8089-exec-10] INFO  com.qxf.aspect.HttpAspect -========================== ↓响应请求↓ ==========================
2020-05-11 02:08:19.373 [http-nio-8089-exec-10] INFO  com.qxf.aspect.HttpAspect -请求返回值：null
2020-05-11 02:08:39.118 [http-nio-8089-exec-3] INFO  com.qxf.aspect.HttpAspect -========================== ↓收到请求↓ ==========================
2020-05-11 02:08:39.119 [http-nio-8089-exec-3] INFO  com.qxf.aspect.HttpAspect -请求url:/user/export
2020-05-11 02:08:39.119 [http-nio-8089-exec-3] INFO  com.qxf.aspect.HttpAspect -请求源ip:0:0:0:0:0:0:0:1
2020-05-11 02:08:39.119 [http-nio-8089-exec-3] INFO  com.qxf.aspect.HttpAspect -请求方式:GET
2020-05-11 02:08:39.119 [http-nio-8089-exec-3] INFO  com.qxf.aspect.HttpAspect -请求方法:com.qxf.controller.UserController.export()
2020-05-11 02:08:39.119 [http-nio-8089-exec-3] INFO  com.qxf.aspect.HttpAspect -请求参数:[null, , org.apache.catalina.connector.ResponseFacade@35b7438d]
2020-05-11 02:08:39.119 [http-nio-8089-exec-3] INFO  com.qxf.aspect.HttpAspect -getContextPath:
2020-05-11 02:08:39.119 [http-nio-8089-exec-3] INFO  com.qxf.aspect.HttpAspect -========================== ↑收到请求↑ ==========================
2020-05-11 02:08:39.137 [http-nio-8089-exec-3] INFO  com.qxf.aspect.HttpAspect -========================== ↓响应请求↓ ==========================
2020-05-11 02:08:39.137 [http-nio-8089-exec-3] INFO  com.qxf.aspect.HttpAspect -请求返回值：null
2020-05-11 02:08:50.043 [http-nio-8089-exec-4] INFO  com.qxf.aspect.HttpAspect -========================== ↓收到请求↓ ==========================
2020-05-11 02:08:50.044 [http-nio-8089-exec-4] INFO  com.qxf.aspect.HttpAspect -请求url:/user/export
2020-05-11 02:08:50.044 [http-nio-8089-exec-4] INFO  com.qxf.aspect.HttpAspect -请求源ip:0:0:0:0:0:0:0:1
2020-05-11 02:08:50.044 [http-nio-8089-exec-4] INFO  com.qxf.aspect.HttpAspect -请求方式:POST
2020-05-11 02:08:50.044 [http-nio-8089-exec-4] INFO  com.qxf.aspect.HttpAspect -请求方法:com.qxf.controller.UserController.export()
2020-05-11 02:08:50.044 [http-nio-8089-exec-4] INFO  com.qxf.aspect.HttpAspect -请求参数:[User(id=null, username=, password=null, email=null, photoUrl=null, enable=null, createTime=null, lastLoginTime=null, roleId=null, roleName=null, userPerms=null, ids=null), null, org.apache.catalina.connector.ResponseFacade@35b7438d]
2020-05-11 02:08:50.044 [http-nio-8089-exec-4] INFO  com.qxf.aspect.HttpAspect -getContextPath:
2020-05-11 02:08:50.045 [http-nio-8089-exec-4] INFO  com.qxf.aspect.HttpAspect -========================== ↑收到请求↑ ==========================
2020-05-11 02:08:50.061 [http-nio-8089-exec-4] INFO  com.qxf.aspect.HttpAspect -========================== ↓响应请求↓ ==========================
2020-05-11 02:08:50.061 [http-nio-8089-exec-4] INFO  com.qxf.aspect.HttpAspect -请求返回值：null
2020-05-11 02:09:34.639 [http-nio-8089-exec-7] INFO  com.qxf.aspect.HttpAspect -========================== ↓收到请求↓ ==========================
2020-05-11 02:09:34.639 [http-nio-8089-exec-7] INFO  com.qxf.aspect.HttpAspect -请求url:/student/list
2020-05-11 02:09:34.639 [http-nio-8089-exec-7] INFO  com.qxf.aspect.HttpAspect -请求源ip:0:0:0:0:0:0:0:1
2020-05-11 02:09:34.639 [http-nio-8089-exec-7] INFO  com.qxf.aspect.HttpAspect -请求方式:GET
2020-05-11 02:09:34.640 [http-nio-8089-exec-7] INFO  com.qxf.aspect.HttpAspect -请求方法:com.qxf.controller.StudentController.getListByPage()
2020-05-11 02:09:34.640 [http-nio-8089-exec-7] INFO  com.qxf.aspect.HttpAspect -请求参数:[1, 30, ]
2020-05-11 02:09:34.640 [http-nio-8089-exec-7] INFO  com.qxf.aspect.HttpAspect -getContextPath:
2020-05-11 02:09:34.640 [http-nio-8089-exec-7] INFO  com.qxf.aspect.HttpAspect -========================== ↑收到请求↑ ==========================
2020-05-11 02:09:34.677 [http-nio-8089-exec-7] INFO  com.qxf.aspect.HttpAspect -========================== ↓响应请求↓ ==========================
2020-05-11 02:09:34.677 [http-nio-8089-exec-7] INFO  com.qxf.aspect.HttpAspect -请求返回值：{"msg":"请求成功","total":3,"data":[{"phone":"13800138000","studentNumber":"2019001011000","sex":1,"name":"张三","id":"032e7ac5fe4d45ff824c7cf125c70d3f","majorName":"计算机科学与技术","clazzName":"计算机1班","age":22,"instituteName":"计算机学院"},{"phone":"13800138000","studentNumber":"2019001011002","sex":1,"name":"王五","id":"89685bd813b1437cab9aef7bde7637ba","majorName":"计算机科学与技术","clazzName":"计算机2班","age":23,"instituteName":"计算机学院"},{"phone":"13800138000","studentNumber":"2019001021001","sex":2,"name":"李四","id":"caf2659b709e46679244603a5b1a5c41","majorName":"软件工程","clazzName":"软件工程1班","age":21,"instituteName":"计算机学院"}],"status":200}
2020-05-11 02:09:38.612 [http-nio-8089-exec-8] INFO  com.qxf.aspect.HttpAspect -========================== ↓收到请求↓ ==========================
2020-05-11 02:09:38.612 [http-nio-8089-exec-8] INFO  com.qxf.aspect.HttpAspect -请求url:/student/list
2020-05-11 02:09:38.612 [http-nio-8089-exec-8] INFO  com.qxf.aspect.HttpAspect -请求源ip:0:0:0:0:0:0:0:1
2020-05-11 02:09:38.613 [http-nio-8089-exec-8] INFO  com.qxf.aspect.HttpAspect -请求方式:GET
2020-05-11 02:09:38.613 [http-nio-8089-exec-8] INFO  com.qxf.aspect.HttpAspect -请求方法:com.qxf.controller.StudentController.getListByPage()
2020-05-11 02:09:38.613 [http-nio-8089-exec-8] INFO  com.qxf.aspect.HttpAspect -请求参数:[1, 30, ]
2020-05-11 02:09:38.613 [http-nio-8089-exec-8] INFO  com.qxf.aspect.HttpAspect -getContextPath:
2020-05-11 02:09:38.613 [http-nio-8089-exec-8] INFO  com.qxf.aspect.HttpAspect -========================== ↑收到请求↑ ==========================
2020-05-11 02:09:38.635 [http-nio-8089-exec-8] INFO  com.qxf.aspect.HttpAspect -========================== ↓响应请求↓ ==========================
2020-05-11 02:09:38.636 [http-nio-8089-exec-8] INFO  com.qxf.aspect.HttpAspect -请求返回值：{"msg":"请求成功","total":3,"data":[{"phone":"13800138000","studentNumber":"2019001011000","sex":1,"name":"张三","id":"032e7ac5fe4d45ff824c7cf125c70d3f","majorName":"计算机科学与技术","clazzName":"计算机1班","age":22,"instituteName":"计算机学院"},{"phone":"13800138000","studentNumber":"2019001011002","sex":1,"name":"王五","id":"89685bd813b1437cab9aef7bde7637ba","majorName":"计算机科学与技术","clazzName":"计算机2班","age":23,"instituteName":"计算机学院"},{"phone":"13800138000","studentNumber":"2019001021001","sex":2,"name":"李四","id":"caf2659b709e46679244603a5b1a5c41","majorName":"软件工程","clazzName":"软件工程1班","age":21,"instituteName":"计算机学院"}],"status":200}
2020-05-11 02:09:40.733 [http-nio-8089-exec-9] INFO  com.qxf.aspect.HttpAspect -========================== ↓收到请求↓ ==========================
2020-05-11 02:09:40.734 [http-nio-8089-exec-9] INFO  com.qxf.aspect.HttpAspect -请求url:/user/list
2020-05-11 02:09:40.734 [http-nio-8089-exec-9] INFO  com.qxf.aspect.HttpAspect -请求源ip:0:0:0:0:0:0:0:1
2020-05-11 02:09:40.734 [http-nio-8089-exec-9] INFO  com.qxf.aspect.HttpAspect -请求方式:GET
2020-05-11 02:09:40.734 [http-nio-8089-exec-9] INFO  com.qxf.aspect.HttpAspect -请求方法:com.qxf.controller.UserController.findUserByPage()
2020-05-11 02:09:40.734 [http-nio-8089-exec-9] INFO  com.qxf.aspect.HttpAspect -请求参数:[1, 30, User(id=null, username=, password=null, email=null, photoUrl=null, enable=null, createTime=null, lastLoginTime=null, roleId=null, roleName=null, userPerms=null, ids=null)]
2020-05-11 02:09:40.734 [http-nio-8089-exec-9] INFO  com.qxf.aspect.HttpAspect -getContextPath:
2020-05-11 02:09:40.734 [http-nio-8089-exec-9] INFO  com.qxf.aspect.HttpAspect -========================== ↑收到请求↑ ==========================
2020-05-11 02:09:40.750 [http-nio-8089-exec-9] INFO  com.qxf.aspect.HttpAspect -========================== ↓响应请求↓ ==========================
2020-05-11 02:09:40.751 [http-nio-8089-exec-9] INFO  com.qxf.aspect.HttpAspect -请求返回值：{"msg":"请求成功","total":14,"data":[{"lastLoginTime":"Mon May 11 02:06:02 CST 2020","photoUrl":"/vue_shiro_photo/userImg/57c75417-4dd3-4de8-9b06-313da6356fb9.jpg","createTime":"Tue Nov 19 07:17:12 CST 2019","roleId":"1","enable":1,"roleName":"管理员","id":"67eb71f1091911eab9205c93a27933da","email":"admin@163.com","username":"admin"},{"createTime":"Sat Feb 15 12:12:28 CST 2020","roleId":"1","enable":1,"roleName":"管理员","id":"0d5a44e2e9eb487497ea539cd841e22f","email":"anni@qq.com","username":"安妮"},{"lastLoginTime":"Sat Nov 23 22:19:46 CST 2019","photoUrl":"/vue_shiro_photo/userImg/38ac6782-a958-4726-a3a2-3efd88d1e9b4.jpg","createTime":"Sat Nov 23 11:27:16 CST 2019","roleId":"1","enable":1,"roleName":"管理员","id":"7b0272d267be43f097af993a4d8bb467","email":"ff@qq.com","username":"ff"},{"lastLoginTime":"Sat Nov 23 22:17:02 CST 2019","photoUrl":"/vue_shiro_photo/userImg/1fa36717-8aeb-4ba3-9f3e-a17cc08b45a6.jpg","createTime":"Tue Nov 12 07:17:19 CST 2019","roleId":"2","enable":1,"roleName":"老师","id":"74013ffb091911eab9205c93a27933da","email":"tom@163.com","username":"tom"},{"lastLoginTime":"Sat Nov 23 22:17:36 CST 2019","photoUrl":"/vue_shiro_photo/userImg/107c11be-a14c-4917-8f69-4d3828a05af6.jpg","createTime":"Thu Nov 21 20:57:18 CST 2019","roleId":"2","enable":0,"roleName":"老师","id":"95dd55d0a8ae49af83d391ccd36b9a11","email":"cc@qq.com","username":"rr"},{"lastLoginTime":"Fri Dec 13 23:10:12 CST 2019","createTime":"Tue Nov 26 06:53:58 CST 2019","roleId":"2","enable":1,"roleName":"老师","id":"4f8f02dff98044ffb7f7dfbc8c57c596","username":"李老师"},{"createTime":"Tue Nov 26 06:54:04 CST 2019","roleId":"2","enable":1,"roleName":"老师","id":"dbca8e5caec24c6ca4b3dccd053f9102","username":"高老师"},{"lastLoginTime":"Sat Dec 14 21:46:23 CST 2019","createTime":"Tue Nov 26 06:54:07 CST 2019","roleId":"2","enable":1,"roleName":"老师","id":"fe8147e10e454b259705d10d7514f2ac","username":"张老师"},{"createTime":"Thu Dec 12 20:41:05 CST 2019","roleId":"3","enable":1,"roleName":"学生","id":"5603b25e56974e3399e4609477e23c56","username":"安安"},{"lastLoginTime":"Sat Nov 23 22:18:53 CST 2019","photoUrl":"/vue_shiro_photo/userImg/6ba3aca5-3bb0-4fcd-a618-81c17d9f0d27.jpg","createTime":"Tue Nov 12 07:18:26 CST 2019","roleId":"3","enable":1,"roleName":"学生","id":"7bc5259b091911eab9205c93a27933da","email":"student@163.com","username":"student"},{"lastLoginTime":"Mon May 04 02:26:46 CST 2020","photoUrl":"/vue_shiro_photo/userImg/d8883ca3-8647-49e0-af32-596c5300305a.jpg","createTime":"Sun Nov 24 21:21:33 CST 2019","roleId":"3","enable":1,"roleName":"学生","id":"032e7ac5fe4d45ff824c7cf125c70d3f","email":"zs@qq.com","username":"张三"},{"createTime":"Sun Nov 24 22:23:38 CST 2019","roleId":"3","enable":1,"roleName":"学生","id":"89685bd813b1437cab9aef7bde7637ba","username":"王五"},{"createTime":"Sun Nov 24 21:30:07 CST 2019","roleId":"3","enable":1,"roleName":"学生","id":"caf2659b709e46679244603a5b1a5c41","username":"李四"},{"lastLoginTime":"Sun Nov 24 10:12:01 CST 2019","createTime":"Sun Nov 24 10:09:30 CST 2019","roleId":"a4ea24e68fc342c2a52286702061a022","enable":1,"roleName":"测试角色","id":"3e5dfa87593e4a44b8212eb3866aefdb","email":"cc@qq.com","username":"cc"}],"status":200}
